<?xml version="1.0" encoding="UTF-8"?>
<testng-results skipped="0" failed="0" total="1" passed="1">
  <reporter-output>
  </reporter-output>
  <suite name="Default suite" duration-ms="38994" started-at="2021-04-17T04:28:39Z" finished-at="2021-04-17T04:29:18Z">
    <groups>
      <group name="cucumber">
        <method signature="TestRunner.feature(cucumber.api.testng.CucumberFeatureWrapper)[pri:0, instance:runner.TestRunner@69930714]" name="feature" class="runner.TestRunner"/>
      </group> <!-- cucumber -->
    </groups>
    <test name="Default test" duration-ms="38994" started-at="2021-04-17T04:28:39Z" finished-at="2021-04-17T04:29:18Z">
      <class name="runner.TestRunner">
        <test-method status="PASS" signature="setUpCucumber()[pri:0, instance:runner.TestRunner@69930714]" name="setUpCucumber" is-config="true" duration-ms="421" started-at="2021-04-17T09:58:39Z" finished-at="2021-04-17T09:58:40Z">
          <reporter-output>
          </reporter-output>
        </test-method> <!-- setUpCucumber -->
        <test-method status="PASS" signature="feature(cucumber.api.testng.CucumberFeatureWrapper)[pri:0, instance:runner.TestRunner@69930714]" name="feature" duration-ms="37690" started-at="2021-04-17T09:58:40Z" description="Runs Cucumber Feature" data-provider="features" finished-at="2021-04-17T09:59:18Z">
          <params>
            <param index="0">
              <value>
                <![CDATA[Selenium Test Assignments Features]]>
              </value>
            </param>
          </params>
          <reporter-output>
          </reporter-output>
        </test-method> <!-- feature -->
        <test-method status="PASS" signature="tearDownClass()[pri:0, instance:runner.TestRunner@69930714]" name="tearDownClass" is-config="true" duration-ms="700" started-at="2021-04-17T09:59:18Z" finished-at="2021-04-17T09:59:18Z">
          <reporter-output>
          </reporter-output>
        </test-method> <!-- tearDownClass -->
      </class> <!-- runner.TestRunner -->
    </test> <!-- Default test -->
  </suite> <!-- Default suite -->
</testng-results>
